Mon Mar  9 16:07:36 2026 | INFO:     Started server process [51120]
Mon Mar  9 16:07:36 2026 | INFO:     Waiting for application startup.
Mon Mar  9 16:07:36 2026 | INFO:     Application startup complete.
Mon Mar  9 16:07:36 2026 | INFO:     Uvicorn running on http://0.0.0.0:8000 (Press CTRL+C to quit)
Mon Mar  9 16:07:37 2026 | BACKEND_DIR: D:\Coding\GANomics\dashboard\backend
Mon Mar  9 16:07:37 2026 | RESULTS_DIR: D:\Coding\GANomics\dashboard\backend\results
Mon Mar  9 16:07:37 2026 | LOGS_DIR: D:\Coding\GANomics\dashboard\backend\results\1_Training\logs
Mon Mar  9 16:07:37 2026 | LOGS EXISTS: True
Mon Mar  9 16:07:37 2026 | INFO:     127.0.0.1:53477 - "GET /api/projects HTTP/1.1" 200 OK
Mon Mar  9 16:07:37 2026 | INFO:     127.0.0.1:53621 - "GET /api/results HTTP/1.1" 200 OK
Mon Mar  9 16:07:38 2026 | INFO:     127.0.0.1:64797 - "GET /api/projects HTTP/1.1" 200 OK
Mon Mar  9 16:07:38 2026 | INFO:     127.0.0.1:60042 - "GET /api/results HTTP/1.1" 200 OK
Mon Mar  9 16:07:39 2026 | INFO:     127.0.0.1:60039 - "GET /api/projects HTTP/1.1" 200 OK
Mon Mar  9 16:07:39 2026 | INFO:     127.0.0.1:54729 - "GET /api/results HTTP/1.1" 200 OK
Mon Mar  9 16:07:40 2026 | INFO:     127.0.0.1:53477 - "GET /api/projects HTTP/1.1" 200 OK
Mon Mar  9 16:07:40 2026 | INFO:     127.0.0.1:53621 - "GET /api/results HTTP/1.1" 200 OK
Mon Mar  9 16:07:40 2026 | INFO:     127.0.0.1:64797 - "GET /api/results HTTP/1.1" 200 OK
Mon Mar  9 16:07:41 2026 | INFO:     127.0.0.1:60042 - "GET /api/projects HTTP/1.1" 200 OK
Mon Mar  9 16:07:41 2026 | INFO:     127.0.0.1:60039 - "GET /api/results HTTP/1.1" 200 OK
Mon Mar  9 16:07:42 2026 | INFO:     127.0.0.1:54729 - "GET /api/projects HTTP/1.1" 200 OK
Mon Mar  9 16:07:42 2026 | INFO:     127.0.0.1:53477 - "GET /api/results HTTP/1.1" 200 OK
Mon Mar  9 16:07:43 2026 | INFO:     127.0.0.1:64797 - "GET /api/projects HTTP/1.1" 200 OK
Mon Mar  9 16:07:43 2026 | INFO:     127.0.0.1:53621 - "GET /api/results HTTP/1.1" 200 OK
Mon Mar  9 16:07:48 2026 | INFO:     127.0.0.1:53621 - "GET /api/projects HTTP/1.1" 200 OK
Mon Mar  9 16:07:48 2026 | INFO:     127.0.0.1:64797 - "GET /api/results HTTP/1.1" 200 OK
Mon Mar  9 16:07:49 2026 | INFO:     127.0.0.1:53477 - "GET /api/projects HTTP/1.1" 200 OK
Mon Mar  9 16:07:49 2026 | INFO:     127.0.0.1:54729 - "GET /api/results HTTP/1.1" 200 OK
Mon Mar  9 16:07:51 2026 | INFO:     127.0.0.1:53677 - "GET /api/projects HTTP/1.1" 200 OK
Mon Mar  9 16:07:52 2026 | INFO:     127.0.0.1:58353 - "GET /api/projects HTTP/1.1" 200 OK
Mon Mar  9 16:07:52 2026 | INFO:     127.0.0.1:62316 - "GET /api/results HTTP/1.1" 200 OK
Mon Mar  9 16:07:52 2026 | INFO:     127.0.0.1:56838 - "GET /api/results HTTP/1.1" 200 OK
Mon Mar  9 16:07:53 2026 | INFO:     127.0.0.1:56838 - "GET /api/projects HTTP/1.1" 200 OK
Mon Mar  9 16:07:53 2026 | INFO:     127.0.0.1:62316 - "GET /api/results HTTP/1.1" 200 OK
Mon Mar  9 16:07:57 2026 | INFO:     127.0.0.1:62316 - "POST /api/train HTTP/1.1" 500 Internal Server Error
Mon Mar  9 16:07:57 2026 | ERROR:    Exception in ASGI application
Mon Mar  9 16:07:57 2026 | Traceback (most recent call last):
Mon Mar  9 16:07:57 2026 | File "D:\Coding\GANomics\venv\Lib\site-packages\uvicorn\protocols\http\h11_impl.py", line 410, in run_asgi
Mon Mar  9 16:07:57 2026 | result = await app(  # type: ignore[func-returns-value]
Mon Mar  9 16:07:57 2026 | ^^^^^^^^^^^^^^^^^^^^^^^^^^^^^^^^^^^^^^^^^^^^^^
Mon Mar  9 16:07:57 2026 | self.scope, self.receive, self.send
Mon Mar  9 16:07:57 2026 | ^^^^^^^^^^^^^^^^^^^^^^^^^^^^^^^^^^^
Mon Mar  9 16:07:57 2026 | )
Mon Mar  9 16:07:57 2026 | ^
Mon Mar  9 16:07:57 2026 | File "D:\Coding\GANomics\venv\Lib\site-packages\uvicorn\middleware\proxy_headers.py", line 60, in __call__
Mon Mar  9 16:07:57 2026 | return await self.app(scope, receive, send)
Mon Mar  9 16:07:57 2026 | ^^^^^^^^^^^^^^^^^^^^^^^^^^^^^^^^^^^^
Mon Mar  9 16:07:57 2026 | File "D:\Coding\GANomics\venv\Lib\site-packages\fastapi\applications.py", line 1160, in __call__
Mon Mar  9 16:07:57 2026 | await super().__call__(scope, receive, send)
Mon Mar  9 16:07:57 2026 | File "D:\Coding\GANomics\venv\Lib\site-packages\starlette\applications.py", line 107, in __call__
Mon Mar  9 16:07:57 2026 | await self.middleware_stack(scope, receive, send)
Mon Mar  9 16:07:57 2026 | File "D:\Coding\GANomics\venv\Lib\site-packages\starlette\middleware\errors.py", line 186, in __call__
Mon Mar  9 16:07:57 2026 | raise exc
Mon Mar  9 16:07:57 2026 | File "D:\Coding\GANomics\venv\Lib\site-packages\starlette\middleware\errors.py", line 164, in __call__
Mon Mar  9 16:07:57 2026 | await self.app(scope, receive, _send)
Mon Mar  9 16:07:57 2026 | File "D:\Coding\GANomics\venv\Lib\site-packages\starlette\middleware\cors.py", line 95, in __call__
Mon Mar  9 16:07:57 2026 | await self.simple_response(scope, receive, send, request_headers=headers)
Mon Mar  9 16:07:57 2026 | File "D:\Coding\GANomics\venv\Lib\site-packages\starlette\middleware\cors.py", line 153, in simple_response
Mon Mar  9 16:07:57 2026 | await self.app(scope, receive, send)
Mon Mar  9 16:07:57 2026 | File "D:\Coding\GANomics\venv\Lib\site-packages\starlette\middleware\exceptions.py", line 63, in __call__
Mon Mar  9 16:07:57 2026 | await wrap_app_handling_exceptions(self.app, conn)(scope, receive, send)
Mon Mar  9 16:07:57 2026 | File "D:\Coding\GANomics\venv\Lib\site-packages\starlette\_exception_handler.py", line 53, in wrapped_app
Mon Mar  9 16:07:57 2026 | raise exc
Mon Mar  9 16:07:57 2026 | File "D:\Coding\GANomics\venv\Lib\site-packages\starlette\_exception_handler.py", line 42, in wrapped_app
Mon Mar  9 16:07:57 2026 | await app(scope, receive, sender)
Mon Mar  9 16:07:57 2026 | File "D:\Coding\GANomics\venv\Lib\site-packages\fastapi\middleware\asyncexitstack.py", line 18, in __call__
Mon Mar  9 16:07:57 2026 | await self.app(scope, receive, send)
Mon Mar  9 16:07:57 2026 | File "D:\Coding\GANomics\venv\Lib\site-packages\starlette\routing.py", line 716, in __call__
Mon Mar  9 16:07:57 2026 | await self.middleware_stack(scope, receive, send)
Mon Mar  9 16:07:57 2026 | File "D:\Coding\GANomics\venv\Lib\site-packages\starlette\routing.py", line 736, in app
Mon Mar  9 16:07:57 2026 | await route.handle(scope, receive, send)
Mon Mar  9 16:07:57 2026 | File "D:\Coding\GANomics\venv\Lib\site-packages\starlette\routing.py", line 290, in handle
Mon Mar  9 16:07:57 2026 | await self.app(scope, receive, send)
Mon Mar  9 16:07:57 2026 | File "D:\Coding\GANomics\venv\Lib\site-packages\fastapi\routing.py", line 130, in app
Mon Mar  9 16:07:57 2026 | await wrap_app_handling_exceptions(app, request)(scope, receive, send)
Mon Mar  9 16:07:57 2026 | File "D:\Coding\GANomics\venv\Lib\site-packages\starlette\_exception_handler.py", line 53, in wrapped_app
Mon Mar  9 16:07:57 2026 | raise exc
Mon Mar  9 16:07:57 2026 | File "D:\Coding\GANomics\venv\Lib\site-packages\starlette\_exception_handler.py", line 42, in wrapped_app
Mon Mar  9 16:07:57 2026 | await app(scope, receive, sender)
Mon Mar  9 16:07:57 2026 | File "D:\Coding\GANomics\venv\Lib\site-packages\fastapi\routing.py", line 116, in app
Mon Mar  9 16:07:57 2026 | response = await f(request)
Mon Mar  9 16:07:57 2026 | ^^^^^^^^^^^^^^^^
Mon Mar  9 16:07:57 2026 | File "D:\Coding\GANomics\venv\Lib\site-packages\fastapi\routing.py", line 670, in app
Mon Mar  9 16:07:57 2026 | raw_response = await run_endpoint_function(
Mon Mar  9 16:07:57 2026 | ^^^^^^^^^^^^^^^^^^^^^^^^^^^^
Mon Mar  9 16:07:57 2026 | ...<3 lines>...
Mon Mar  9 16:07:57 2026 | )
Mon Mar  9 16:07:57 2026 | ^
Mon Mar  9 16:07:57 2026 | File "D:\Coding\GANomics\venv\Lib\site-packages\fastapi\routing.py", line 324, in run_endpoint_function
Mon Mar  9 16:07:57 2026 | return await dependant.call(**values)
Mon Mar  9 16:07:57 2026 | ^^^^^^^^^^^^^^^^^^^^^^^^^^^^^^
Mon Mar  9 16:07:57 2026 | File "D:\Coding\GANomics\dashboard\backend\main.py", line 184, in start_training
Mon Mar  9 16:07:57 2026 | print(f"\U0001f680 Starting training command: {' '.join(cmd)}")
Mon Mar  9 16:07:57 2026 | ~~~~~^^^^^^^^^^^^^^^^^^^^^^^^^^^^^^^^^^^^^^^^^^^^^^^^^^
Mon Mar  9 16:07:57 2026 | File "C:\Users\lanse\AppData\Local\Programs\Python\Python313\Lib\encodings\cp1252.py", line 19, in encode
Mon Mar  9 16:07:57 2026 | return codecs.charmap_encode(input,self.errors,encoding_table)[0]
Mon Mar  9 16:07:57 2026 | ~~~~~~~~~~~~~~~~~~~~~^^^^^^^^^^^^^^^^^^^^^^^^^^^^^^^^^^
Mon Mar  9 16:07:57 2026 | UnicodeEncodeError: 'charmap' codec can't encode character '\U0001f680' in position 0: character maps to <undefined>
Mon Mar  9 16:08:42 2026 | INFO:     127.0.0.1:63079 - "GET /api/projects HTTP/1.1" 200 OK
Mon Mar  9 16:08:42 2026 | INFO:     127.0.0.1:64254 - "GET /api/results HTTP/1.1" 200 OK
Mon Mar  9 16:08:44 2026 | INFO:     127.0.0.1:64254 - "POST /api/train HTTP/1.1" 500 Internal Server Error
Mon Mar  9 16:08:44 2026 | ERROR:    Exception in ASGI application
Mon Mar  9 16:08:44 2026 | Traceback (most recent call last):
Mon Mar  9 16:08:44 2026 | File "D:\Coding\GANomics\venv\Lib\site-packages\uvicorn\protocols\http\h11_impl.py", line 410, in run_asgi
Mon Mar  9 16:08:44 2026 | result = await app(  # type: ignore[func-returns-value]
Mon Mar  9 16:08:44 2026 | ^^^^^^^^^^^^^^^^^^^^^^^^^^^^^^^^^^^^^^^^^^^^^^
Mon Mar  9 16:08:44 2026 | self.scope, self.receive, self.send
Mon Mar  9 16:08:44 2026 | ^^^^^^^^^^^^^^^^^^^^^^^^^^^^^^^^^^^
Mon Mar  9 16:08:44 2026 | )
Mon Mar  9 16:08:44 2026 | ^
Mon Mar  9 16:08:44 2026 | File "D:\Coding\GANomics\venv\Lib\site-packages\uvicorn\middleware\proxy_headers.py", line 60, in __call__
Mon Mar  9 16:08:44 2026 | return await self.app(scope, receive, send)
Mon Mar  9 16:08:44 2026 | ^^^^^^^^^^^^^^^^^^^^^^^^^^^^^^^^^^^^
Mon Mar  9 16:08:44 2026 | File "D:\Coding\GANomics\venv\Lib\site-packages\fastapi\applications.py", line 1160, in __call__
Mon Mar  9 16:08:44 2026 | await super().__call__(scope, receive, send)
Mon Mar  9 16:08:44 2026 | File "D:\Coding\GANomics\venv\Lib\site-packages\starlette\applications.py", line 107, in __call__
Mon Mar  9 16:08:44 2026 | await self.middleware_stack(scope, receive, send)
Mon Mar  9 16:08:44 2026 | File "D:\Coding\GANomics\venv\Lib\site-packages\starlette\middleware\errors.py", line 186, in __call__
Mon Mar  9 16:08:44 2026 | raise exc
Mon Mar  9 16:08:44 2026 | File "D:\Coding\GANomics\venv\Lib\site-packages\starlette\middleware\errors.py", line 164, in __call__
Mon Mar  9 16:08:44 2026 | await self.app(scope, receive, _send)
Mon Mar  9 16:08:44 2026 | File "D:\Coding\GANomics\venv\Lib\site-packages\starlette\middleware\cors.py", line 95, in __call__
Mon Mar  9 16:08:44 2026 | await self.simple_response(scope, receive, send, request_headers=headers)
Mon Mar  9 16:08:44 2026 | File "D:\Coding\GANomics\venv\Lib\site-packages\starlette\middleware\cors.py", line 153, in simple_response
Mon Mar  9 16:08:44 2026 | await self.app(scope, receive, send)
Mon Mar  9 16:08:44 2026 | File "D:\Coding\GANomics\venv\Lib\site-packages\starlette\middleware\exceptions.py", line 63, in __call__
Mon Mar  9 16:08:44 2026 | await wrap_app_handling_exceptions(self.app, conn)(scope, receive, send)
Mon Mar  9 16:08:44 2026 | File "D:\Coding\GANomics\venv\Lib\site-packages\starlette\_exception_handler.py", line 53, in wrapped_app
Mon Mar  9 16:08:44 2026 | raise exc
Mon Mar  9 16:08:44 2026 | File "D:\Coding\GANomics\venv\Lib\site-packages\starlette\_exception_handler.py", line 42, in wrapped_app
Mon Mar  9 16:08:44 2026 | await app(scope, receive, sender)
Mon Mar  9 16:08:44 2026 | File "D:\Coding\GANomics\venv\Lib\site-packages\fastapi\middleware\asyncexitstack.py", line 18, in __call__
Mon Mar  9 16:08:44 2026 | await self.app(scope, receive, send)
Mon Mar  9 16:08:44 2026 | File "D:\Coding\GANomics\venv\Lib\site-packages\starlette\routing.py", line 716, in __call__
Mon Mar  9 16:08:44 2026 | await self.middleware_stack(scope, receive, send)
Mon Mar  9 16:08:44 2026 | File "D:\Coding\GANomics\venv\Lib\site-packages\starlette\routing.py", line 736, in app
Mon Mar  9 16:08:44 2026 | await route.handle(scope, receive, send)
Mon Mar  9 16:08:44 2026 | File "D:\Coding\GANomics\venv\Lib\site-packages\starlette\routing.py", line 290, in handle
Mon Mar  9 16:08:44 2026 | await self.app(scope, receive, send)
Mon Mar  9 16:08:44 2026 | File "D:\Coding\GANomics\venv\Lib\site-packages\fastapi\routing.py", line 130, in app
Mon Mar  9 16:08:44 2026 | await wrap_app_handling_exceptions(app, request)(scope, receive, send)
Mon Mar  9 16:08:44 2026 | File "D:\Coding\GANomics\venv\Lib\site-packages\starlette\_exception_handler.py", line 53, in wrapped_app
Mon Mar  9 16:08:44 2026 | raise exc
Mon Mar  9 16:08:44 2026 | File "D:\Coding\GANomics\venv\Lib\site-packages\starlette\_exception_handler.py", line 42, in wrapped_app
Mon Mar  9 16:08:44 2026 | await app(scope, receive, sender)
Mon Mar  9 16:08:44 2026 | File "D:\Coding\GANomics\venv\Lib\site-packages\fastapi\routing.py", line 116, in app
Mon Mar  9 16:08:44 2026 | response = await f(request)
Mon Mar  9 16:08:44 2026 | ^^^^^^^^^^^^^^^^
Mon Mar  9 16:08:44 2026 | File "D:\Coding\GANomics\venv\Lib\site-packages\fastapi\routing.py", line 670, in app
Mon Mar  9 16:08:44 2026 | raw_response = await run_endpoint_function(
Mon Mar  9 16:08:44 2026 | ^^^^^^^^^^^^^^^^^^^^^^^^^^^^
Mon Mar  9 16:08:44 2026 | ...<3 lines>...
Mon Mar  9 16:08:44 2026 | )
Mon Mar  9 16:08:44 2026 | ^
Mon Mar  9 16:08:44 2026 | File "D:\Coding\GANomics\venv\Lib\site-packages\fastapi\routing.py", line 324, in run_endpoint_function
Mon Mar  9 16:08:44 2026 | return await dependant.call(**values)
Mon Mar  9 16:08:44 2026 | ^^^^^^^^^^^^^^^^^^^^^^^^^^^^^^
Mon Mar  9 16:08:44 2026 | File "D:\Coding\GANomics\dashboard\backend\main.py", line 184, in start_training
Mon Mar  9 16:08:44 2026 | print(f"Starting training command: {' '.join(cmd)}")
Mon Mar  9 16:08:44 2026 | ~~~~~^^^^^^^^^^^^^^^^^^^^^^^^^^^^^^^^^^^^^^^^^^^^^^^
Mon Mar  9 16:08:44 2026 | File "C:\Users\lanse\AppData\Local\Programs\Python\Python313\Lib\encodings\cp1252.py", line 19, in encode
Mon Mar  9 16:08:44 2026 | return codecs.charmap_encode(input,self.errors,encoding_table)[0]
Mon Mar  9 16:08:44 2026 | ~~~~~~~~~~~~~~~~~~~~~^^^^^^^^^^^^^^^^^^^^^^^^^^^^^^^^^^
Mon Mar  9 16:08:44 2026 | UnicodeEncodeError: 'charmap' codec can't encode character '\U0001f680' in position 0: character maps to <undefined>
Mon Mar  9 16:08:49 2026 | INFO:     127.0.0.1:50160 - "GET /api/projects HTTP/1.1" 200 OK
Mon Mar  9 16:08:49 2026 | INFO:     127.0.0.1:53393 - "GET /api/results HTTP/1.1" 200 OK
Mon Mar  9 16:08:50 2026 | INFO:     127.0.0.1:58981 - "GET /api/projects HTTP/1.1" 200 OK
Mon Mar  9 16:08:50 2026 | INFO:     127.0.0.1:53817 - "GET /api/results HTTP/1.1" 200 OK
Mon Mar  9 16:08:51 2026 | INFO:     127.0.0.1:53817 - "GET /api/projects HTTP/1.1" 200 OK
Mon Mar  9 16:08:51 2026 | INFO:     127.0.0.1:58981 - "GET /api/results HTTP/1.1" 200 OK
Mon Mar  9 16:08:53 2026 | INFO:     127.0.0.1:58981 - "POST /api/train HTTP/1.1" 500 Internal Server Error
Mon Mar  9 16:08:53 2026 | ERROR:    Exception in ASGI application
Mon Mar  9 16:08:53 2026 | Traceback (most recent call last):
Mon Mar  9 16:08:53 2026 | File "D:\Coding\GANomics\venv\Lib\site-packages\uvicorn\protocols\http\h11_impl.py", line 410, in run_asgi
Mon Mar  9 16:08:53 2026 | result = await app(  # type: ignore[func-returns-value]
Mon Mar  9 16:08:53 2026 | ^^^^^^^^^^^^^^^^^^^^^^^^^^^^^^^^^^^^^^^^^^^^^^
Mon Mar  9 16:08:53 2026 | self.scope, self.receive, self.send
Mon Mar  9 16:08:53 2026 | ^^^^^^^^^^^^^^^^^^^^^^^^^^^^^^^^^^^
Mon Mar  9 16:08:53 2026 | )
Mon Mar  9 16:08:53 2026 | ^
Mon Mar  9 16:08:53 2026 | File "D:\Coding\GANomics\venv\Lib\site-packages\uvicorn\middleware\proxy_headers.py", line 60, in __call__
Mon Mar  9 16:08:53 2026 | return await self.app(scope, receive, send)
Mon Mar  9 16:08:53 2026 | ^^^^^^^^^^^^^^^^^^^^^^^^^^^^^^^^^^^^
Mon Mar  9 16:08:53 2026 | File "D:\Coding\GANomics\venv\Lib\site-packages\fastapi\applications.py", line 1160, in __call__
Mon Mar  9 16:08:53 2026 | await super().__call__(scope, receive, send)
Mon Mar  9 16:08:53 2026 | File "D:\Coding\GANomics\venv\Lib\site-packages\starlette\applications.py", line 107, in __call__
Mon Mar  9 16:08:53 2026 | await self.middleware_stack(scope, receive, send)
Mon Mar  9 16:08:53 2026 | File "D:\Coding\GANomics\venv\Lib\site-packages\starlette\middleware\errors.py", line 186, in __call__
Mon Mar  9 16:08:53 2026 | raise exc
Mon Mar  9 16:08:53 2026 | File "D:\Coding\GANomics\venv\Lib\site-packages\starlette\middleware\errors.py", line 164, in __call__
Mon Mar  9 16:08:53 2026 | await self.app(scope, receive, _send)
Mon Mar  9 16:08:53 2026 | File "D:\Coding\GANomics\venv\Lib\site-packages\starlette\middleware\cors.py", line 95, in __call__
Mon Mar  9 16:08:53 2026 | await self.simple_response(scope, receive, send, request_headers=headers)
Mon Mar  9 16:08:53 2026 | File "D:\Coding\GANomics\venv\Lib\site-packages\starlette\middleware\cors.py", line 153, in simple_response
Mon Mar  9 16:08:53 2026 | await self.app(scope, receive, send)
Mon Mar  9 16:08:53 2026 | File "D:\Coding\GANomics\venv\Lib\site-packages\starlette\middleware\exceptions.py", line 63, in __call__
Mon Mar  9 16:08:53 2026 | await wrap_app_handling_exceptions(self.app, conn)(scope, receive, send)
Mon Mar  9 16:08:53 2026 | File "D:\Coding\GANomics\venv\Lib\site-packages\starlette\_exception_handler.py", line 53, in wrapped_app
Mon Mar  9 16:08:53 2026 | raise exc
Mon Mar  9 16:08:53 2026 | File "D:\Coding\GANomics\venv\Lib\site-packages\starlette\_exception_handler.py", line 42, in wrapped_app
Mon Mar  9 16:08:53 2026 | await app(scope, receive, sender)
Mon Mar  9 16:08:53 2026 | File "D:\Coding\GANomics\venv\Lib\site-packages\fastapi\middleware\asyncexitstack.py", line 18, in __call__
Mon Mar  9 16:08:53 2026 | await self.app(scope, receive, send)
Mon Mar  9 16:08:53 2026 | File "D:\Coding\GANomics\venv\Lib\site-packages\starlette\routing.py", line 716, in __call__
Mon Mar  9 16:08:53 2026 | await self.middleware_stack(scope, receive, send)
Mon Mar  9 16:08:53 2026 | File "D:\Coding\GANomics\venv\Lib\site-packages\starlette\routing.py", line 736, in app
Mon Mar  9 16:08:53 2026 | await route.handle(scope, receive, send)
Mon Mar  9 16:08:53 2026 | File "D:\Coding\GANomics\venv\Lib\site-packages\starlette\routing.py", line 290, in handle
Mon Mar  9 16:08:53 2026 | await self.app(scope, receive, send)
Mon Mar  9 16:08:53 2026 | File "D:\Coding\GANomics\venv\Lib\site-packages\fastapi\routing.py", line 130, in app
Mon Mar  9 16:08:53 2026 | await wrap_app_handling_exceptions(app, request)(scope, receive, send)
Mon Mar  9 16:08:53 2026 | File "D:\Coding\GANomics\venv\Lib\site-packages\starlette\_exception_handler.py", line 53, in wrapped_app
Mon Mar  9 16:08:53 2026 | raise exc
Mon Mar  9 16:08:53 2026 | File "D:\Coding\GANomics\venv\Lib\site-packages\starlette\_exception_handler.py", line 42, in wrapped_app
Mon Mar  9 16:08:53 2026 | await app(scope, receive, sender)
Mon Mar  9 16:08:53 2026 | File "D:\Coding\GANomics\venv\Lib\site-packages\fastapi\routing.py", line 116, in app
Mon Mar  9 16:08:53 2026 | response = await f(request)
Mon Mar  9 16:08:53 2026 | ^^^^^^^^^^^^^^^^
Mon Mar  9 16:08:53 2026 | File "D:\Coding\GANomics\venv\Lib\site-packages\fastapi\routing.py", line 670, in app
Mon Mar  9 16:08:53 2026 | raw_response = await run_endpoint_function(
Mon Mar  9 16:08:53 2026 | ^^^^^^^^^^^^^^^^^^^^^^^^^^^^
Mon Mar  9 16:08:53 2026 | ...<3 lines>...
Mon Mar  9 16:08:53 2026 | )
Mon Mar  9 16:08:53 2026 | ^
Mon Mar  9 16:08:53 2026 | File "D:\Coding\GANomics\venv\Lib\site-packages\fastapi\routing.py", line 324, in run_endpoint_function
Mon Mar  9 16:08:53 2026 | return await dependant.call(**values)
Mon Mar  9 16:08:53 2026 | ^^^^^^^^^^^^^^^^^^^^^^^^^^^^^^
Mon Mar  9 16:08:53 2026 | File "D:\Coding\GANomics\dashboard\backend\main.py", line 184, in start_training
Mon Mar  9 16:08:53 2026 | print(f"Starting training command: {' '.join(cmd)}")
Mon Mar  9 16:08:53 2026 | ~~~~~^^^^^^^^^^^^^^^^^^^^^^^^^^^^^^^^^^^^^^^^^^^^^^^
Mon Mar  9 16:08:53 2026 | File "C:\Users\lanse\AppData\Local\Programs\Python\Python313\Lib\encodings\cp1252.py", line 19, in encode
Mon Mar  9 16:08:53 2026 | return codecs.charmap_encode(input,self.errors,encoding_table)[0]
Mon Mar  9 16:08:53 2026 | ~~~~~~~~~~~~~~~~~~~~~^^^^^^^^^^^^^^^^^^^^^^^^^^^^^^^^^^
Mon Mar  9 16:08:53 2026 | UnicodeEncodeError: 'charmap' codec can't encode character '\U0001f680' in position 0: character maps to <undefined>
